
# # # BenSP Suite --- Wed May 23 13:55:44 2018

---Parallel Processing OK!!

---Print Stats 

##################
BenSP Metrics
--------------
1) File Information 
	Folder: /home/carlos/svn/BenSP_suite/apps/dedup/inputs/heavy_duty/h1 
File[1]: images3.tar  File[2]: images5.tar  File[3]: images2.tar  File[4]: images4.tar.tar  File[5]: images1.tar  

	Total Input Size:	1.99 GB
	Total Output Size:	1.89 GB
	Compress type (gzip=0, bzip2=1, none=2): 0
--------------
2) Processing Information 
	Preloading: ON 
	Time Processing:	49.771632 seconds
	Effective compression factor:	1.06x
	Total Chunks:	524443
	Size total of all chunks:	2137083712.000 Bytes
	Mean data chunk size:	4074.9590 (stddev: 2959083.5000 )
	Amount of duplicate chunks:	6.35% (Amount: 33322)
	Data size after deduplication:	1.89 GB (compression factor: 1.05x)
	Data size after compression:	1.88 GB (compression factor: 1.00x)
	Output overhead:	0.27%
	--------------

2.1) Routine Processing Information
	Memory Usage: 1620860 KB
--------------
3) Parallel Processing Information 
	Number of Threads:	1

3.1) Application Information
	--Algorithm Fragmentation
	Size Window: 32

	---Dedup Application
	Buffer Fragment Refine Stage: IN: 1 OUT: 20
	Buffer Deduplication Stage: IN: 20 OUT_COMPRESS: 20 OUT_REORDER: 20 
	Buffer Compress Stage: IN: 20 OUT: 20
	Buffer Reorder Stage: IN: 20 
--------------
4) Environment of Test 
	Number of Cores 8 (Real Cores 4) 
	Number of Sockets 1
	Cpu Frequency 906092992
	Cache Line Size 64
	
System Memory Info

uptime		17777
loads		137440
totalram	8263024640 kB
freeram		1046183936 kB
sharedram	318615552 kB
bufferram	67813376 kB
totalswap	16963858432 kB
freeswap	16958795776 kB
procs		951
totalhigh	0
freehigh	0
mem_unit	1

##################


